<?xml version="1.0" encoding="UTF-8"?>
<!-- Generated by org.testng.reporters.JUnitXMLReporter -->
<testsuite hostname="vasu-PC" name="Jagruthi" tests="2" failures="1" timestamp="21 Feb 2019 11:22:59 GMT" time="21.437" errors="0">
  <testcase name="empAdd" time="17.5" classname="com.sujitha.testng.EmpAdd"/>
  <testcase name="empList" time="0.001" classname="com.sujitha.testng.EmpList">
    <failure type="java.lang.NullPointerException">
      <![CDATA[java.lang.NullPointerException
	at com.sujitha.testng.EmpList.empList(EmpList.java:14)
... Removed 24 stack frames]]>
    </failure>
  </testcase> <!-- empList -->
</testsuite> <!-- Jagruthi -->
