<?xml version="1.0" encoding="UTF-8"?>
<!-- Generated by org.testng.reporters.JUnitXMLReporter -->
<testsuite hostname="vasu-PC" name="Sample" tests="7" failures="0" timestamp="21 Feb 2019 11:02:17 GMT" time="24.048" errors="0">
  <testcase name="method1" time="0.01" classname="com.sujitha.testng.AnnotationsTest"/>
  <testcase name="method2" time="0.004" classname="com.sujitha.testng.AnnotationsTest"/>
  <testcase name="adminLogin" time="10.503" classname="com.sujitha.testng.AdminLoginTest"/>
  <testcase name="appLaunch" time="0.009" classname="com.sujitha.testng.MultipleTestCases"/>
  <testcase name="appLogin" time="0.005" classname="com.sujitha.testng.MultipleTestCases"/>
  <testcase name="appLogin" time="2.954" classname="com.sujitha.testng.BATest"/>
  <testcase name="first" time="0.002" classname="com.sujitha.testng.FirstTestNg"/>
</testsuite> <!-- Sample -->
